<?xml version="1.0" encoding="UTF-8"?>
<testsuite xmlns:xsi="http://www.w3.org/2001/XMLSchema-instance" xsi:noNamespaceSchemaLocation="https://maven.apache.org/surefire/maven-surefire-plugin/xsd/surefire-test-report-3.0.xsd" version="3.0" name="com.sqli.workshop.ddd.connaissance.client.domain.ConnaissanceClientServiceImplTest" time="1.57" tests="8" errors="0" skipped="0" failures="0">
  <properties>
[...]
</properties>
  <testcase name="delete_client_return_ok" classname="com.sqli.workshop.ddd.connaissance.client.domain.ConnaissanceClientServiceImplTest" time="1.488">
    <system-err><![CDATA[Mockito is currently self-attaching to enable the inline-mock-maker. This will no longer work in future releases of the JDK. Please add Mockito as an agent to your build as described in Mockito's documentation: https://javadoc.io/doc/org.mockito/mockito-core/latest/org.mockito/org/mockito/Mockito.html#0.3
WARNING: A Java agent has been loaded dynamically (/home/pbousquet/.m2/repository/net/bytebuddy/byte-buddy-agent/1.17.8/byte-buddy-agent-1.17.8.jar)
WARNING: If a serviceability tool is in use, please run with -XX:+EnableDynamicAgentLoading to hide this warning
WARNING: If a serviceability tool is not in use, please run with -Djdk.instrument.traceUsage for more information
WARNING: Dynamic loading of agents will be disallowed by default in a future release
]]></system-err>
  </testcase>
  <testcase name="given_situation_no_client_save_return_ok" classname="com.sqli.workshop.ddd.connaissance.client.domain.ConnaissanceClientServiceImplTest" time="0.018"/>
  <testcase name="given_connaissance_client_null_get_should_return_empty" classname="com.sqli.workshop.ddd.connaissance.client.domain.ConnaissanceClientServiceImplTest" time="0.005"/>
  <testcase name="given_adresse_save_return_ok" classname="com.sqli.workshop.ddd.connaissance.client.domain.ConnaissanceClientServiceImplTest" time="0.016"/>
  <testcase name="given_Client_findall_return_list" classname="com.sqli.workshop.ddd.connaissance.client.domain.ConnaissanceClientServiceImplTest" time="0.003"/>
  <testcase name="given_connaissance_client_not_null_get_should_return_data" classname="com.sqli.workshop.ddd.connaissance.client.domain.ConnaissanceClientServiceImplTest" time="0.002"/>
  <testcase name="given_situation_save_return_ok" classname="com.sqli.workshop.ddd.connaissance.client.domain.ConnaissanceClientServiceImplTest" time="0.003"/>
  <testcase name="given_connaissance_client_save_return_id" classname="com.sqli.workshop.ddd.connaissance.client.domain.ConnaissanceClientServiceImplTest" time="0.003"/>
</testsuite>