<?xml version="1.0" encoding="UTF-8"?>
<testsuite xmlns:xsi="http://www.w3.org/2001/XMLSchema-instance" xsi:noNamespaceSchemaLocation="https://maven.apache.org/surefire/maven-surefire-plugin/xsd/surefire-test-report-3.0.xsd" version="3.0" name="com.sqli.workshop.ddd.connaissance.client.api.ConnaissanceClientDelegateTest" time="1.737" tests="17" errors="0" skipped="0" failures="0">
  <properties>
[...]
</properties>
  <testcase name="given_dto_mapping_modifierSituation_should_convert_situation_familiale" classname="com.sqli.workshop.ddd.connaissance.client.api.ConnaissanceClientDelegateTest" time="1.611">
    <system-out><![CDATA[13:44:22.685 [main] INFO com.sqli.workshop.ddd.connaissance.client.api.ConnaissanceClientDelegate -- Processing PATCH /situation request for client: abc615cc-ae15-4bf5-a4bb-717ba7a26dc4 with situation: CELIBATAIRE, nombreEnfants: 0
13:44:22.697 [main] INFO com.sqli.workshop.ddd.connaissance.client.api.ConnaissanceClientDelegate -- Client abc615cc-ae15-4bf5-a4bb-717ba7a26dc4 situation modified successfully to: CELIBATAIRE, 0 children
]]></system-out>
    <system-err><![CDATA[Mockito is currently self-attaching to enable the inline-mock-maker. This will no longer work in future releases of the JDK. Please add Mockito as an agent to your build as described in Mockito's documentation: https://javadoc.io/doc/org.mockito/mockito-core/latest/org.mockito/org/mockito/Mockito.html#0.3
WARNING: A Java agent has been loaded dynamically (/home/pbousquet/.m2/repository/net/bytebuddy/byte-buddy-agent/1.17.8/byte-buddy-agent-1.17.8.jar)
WARNING: If a serviceability tool is in use, please run with -XX:+EnableDynamicAgentLoading to hide this warning
WARNING: If a serviceability tool is not in use, please run with -Djdk.instrument.traceUsage for more information
WARNING: Dynamic loading of agents will be disallowed by default in a future release
]]></system-err>
  </testcase>
  <testcase name="given_valid_situation_modifierSituation_should_return_full_client" classname="com.sqli.workshop.ddd.connaissance.client.api.ConnaissanceClientDelegateTest" time="0.009">
    <system-out><![CDATA[13:44:22.768 [main] INFO com.sqli.workshop.ddd.connaissance.client.api.ConnaissanceClientDelegate -- Processing PATCH /situation request for client: abc615cc-ae15-4bf5-a4bb-717ba7a26dc4 with situation: MARIE, nombreEnfants: 2
13:44:22.769 [main] INFO com.sqli.workshop.ddd.connaissance.client.api.ConnaissanceClientDelegate -- Client abc615cc-ae15-4bf5-a4bb-717ba7a26dc4 situation modified successfully to: MARIE, 2 children
]]></system-out>
  </testcase>
  <testcase name="given_boundary_value_max_children_modifierSituation_should_map_correctly" classname="com.sqli.workshop.ddd.connaissance.client.api.ConnaissanceClientDelegateTest" time="0.006">
    <system-out><![CDATA[13:44:22.778 [main] INFO com.sqli.workshop.ddd.connaissance.client.api.ConnaissanceClientDelegate -- Processing PATCH /situation request for client: abc615cc-ae15-4bf5-a4bb-717ba7a26dc4 with situation: MARIE, nombreEnfants: 20
13:44:22.779 [main] INFO com.sqli.workshop.ddd.connaissance.client.api.ConnaissanceClientDelegate -- Client abc615cc-ae15-4bf5-a4bb-717ba7a26dc4 situation modified successfully to: MARIE, 20 children
]]></system-out>
  </testcase>
  <testcase name="given_boundary_value_zero_children_modifierSituation_should_map_correctly" classname="com.sqli.workshop.ddd.connaissance.client.api.ConnaissanceClientDelegateTest" time="0.006">
    <system-out><![CDATA[13:44:22.786 [main] INFO com.sqli.workshop.ddd.connaissance.client.api.ConnaissanceClientDelegate -- Processing PATCH /situation request for client: abc615cc-ae15-4bf5-a4bb-717ba7a26dc4 with situation: MARIE, nombreEnfants: 0
13:44:22.786 [main] INFO com.sqli.workshop.ddd.connaissance.client.api.ConnaissanceClientDelegate -- Client abc615cc-ae15-4bf5-a4bb-717ba7a26dc4 situation modified successfully to: MARIE, 0 children
]]></system-out>
  </testcase>
  <testcase name="given_invalid_address_modifierAdresse_should_return_422" classname="com.sqli.workshop.ddd.connaissance.client.api.ConnaissanceClientDelegateTest" time="0.012">
    <system-out><![CDATA[13:44:22.799 [main] INFO com.sqli.workshop.ddd.connaissance.client.api.ConnaissanceClientDelegate -- Processing PATCH /adresse request for client: e1d948cc-80af-4310-9c59-119b31e3379e with address: 10 rue Test, 75001, Marseille
13:44:22.801 [main] WARN com.sqli.workshop.ddd.connaissance.client.api.ConnaissanceClientDelegate -- Invalid address for client e1d948cc-80af-4310-9c59-119b31e3379e: postal code 75001 / city Marseille mismatch
]]></system-out>
  </testcase>
  <testcase name="given_listerClients_return_nodata_should_return_nodata" classname="com.sqli.workshop.ddd.connaissance.client.api.ConnaissanceClientDelegateTest" time="0.005"/>
  <testcase name="given_valid_address_modifierAdresse_should_return_full_client" classname="com.sqli.workshop.ddd.connaissance.client.api.ConnaissanceClientDelegateTest" time="0.004">
    <system-out><![CDATA[13:44:22.812 [main] INFO com.sqli.workshop.ddd.connaissance.client.api.ConnaissanceClientDelegate -- Processing PATCH /adresse request for client: 2bc390c1-1fef-43e3-9c52-f59398f12a38 with address: 25 avenue de la Republique, 75011, Paris
13:44:22.813 [main] INFO com.sqli.workshop.ddd.connaissance.client.api.ConnaissanceClientDelegate -- Client 2bc390c1-1fef-43e3-9c52-f59398f12a38 address modified successfully to: 75011, Paris
]]></system-out>
  </testcase>
  <testcase name="given_nouveauClient_return_data_should_return_not_found" classname="com.sqli.workshop.ddd.connaissance.client.api.ConnaissanceClientDelegateTest" time="0.007"/>
  <testcase name="when_deleteConnaissanceClient_should_trigger_supprimerClient" classname="com.sqli.workshop.ddd.connaissance.client.api.ConnaissanceClientDelegateTest" time="0.003"/>
  <testcase name="given_pacse_situation_modifierSituation_should_map_correctly" classname="com.sqli.workshop.ddd.connaissance.client.api.ConnaissanceClientDelegateTest" time="0.004">
    <system-out><![CDATA[13:44:22.829 [main] INFO com.sqli.workshop.ddd.connaissance.client.api.ConnaissanceClientDelegate -- Processing PATCH /situation request for client: abc615cc-ae15-4bf5-a4bb-717ba7a26dc4 with situation: PACSE, nombreEnfants: 1
13:44:22.830 [main] INFO com.sqli.workshop.ddd.connaissance.client.api.ConnaissanceClientDelegate -- Client abc615cc-ae15-4bf5-a4bb-717ba7a26dc4 situation modified successfully to: PACSE, 1 children
]]></system-out>
  </testcase>
  <testcase name="given_dto_mapping_modifierAdresse_should_convert_dto_to_domain" classname="com.sqli.workshop.ddd.connaissance.client.api.ConnaissanceClientDelegateTest" time="0.004">
    <system-out><![CDATA[13:44:22.834 [main] INFO com.sqli.workshop.ddd.connaissance.client.api.ConnaissanceClientDelegate -- Processing PATCH /adresse request for client: 798d8c19-43df-4177-9d15-b0004f780be0 with address: 123 boulevard Haussmann, 75008, Paris
13:44:22.834 [main] INFO com.sqli.workshop.ddd.connaissance.client.api.ConnaissanceClientDelegate -- Client 798d8c19-43df-4177-9d15-b0004f780be0 address modified successfully to: 75008, Paris
]]></system-out>
  </testcase>
  <testcase name="given_unknown_client_modifierSituation_should_return_404" classname="com.sqli.workshop.ddd.connaissance.client.api.ConnaissanceClientDelegateTest" time="0.005">
    <system-out><![CDATA[13:44:22.839 [main] INFO com.sqli.workshop.ddd.connaissance.client.api.ConnaissanceClientDelegate -- Processing PATCH /situation request for client: 76cd9d55-c0ff-4e1e-9f04-17caab5deeee with situation: MARIE, nombreEnfants: 1
13:44:22.840 [main] WARN com.sqli.workshop.ddd.connaissance.client.api.ConnaissanceClientDelegate -- Client not found with id: 76cd9d55-c0ff-4e1e-9f04-17caab5deeee for situation modification
]]></system-out>
  </testcase>
  <testcase name="given_optional_ligne2_null_modifierAdresse_should_map_correctly" classname="com.sqli.workshop.ddd.connaissance.client.api.ConnaissanceClientDelegateTest" time="0.003">
    <system-out><![CDATA[13:44:22.844 [main] INFO com.sqli.workshop.ddd.connaissance.client.api.ConnaissanceClientDelegate -- Processing PATCH /adresse request for client: 43d23519-5324-485b-ac0e-477a4c5e8a38 with address: 10 rue de la Paix, 75001, Paris
13:44:22.845 [main] INFO com.sqli.workshop.ddd.connaissance.client.api.ConnaissanceClientDelegate -- Client 43d23519-5324-485b-ac0e-477a4c5e8a38 address modified successfully to: 75001, Paris
]]></system-out>
  </testcase>
  <testcase name="given_listerClients_return_data_should_return_data" classname="com.sqli.workshop.ddd.connaissance.client.api.ConnaissanceClientDelegateTest" time="0.002"/>
  <testcase name="given_informationsClient_return_data_should_return_data" classname="com.sqli.workshop.ddd.connaissance.client.api.ConnaissanceClientDelegateTest" time="0.003"/>
  <testcase name="given_informationsClient_return_nodata_should_return_not_found" classname="com.sqli.workshop.ddd.connaissance.client.api.ConnaissanceClientDelegateTest" time="0.003"/>
  <testcase name="given_unknown_client_modifierAdresse_should_return_404" classname="com.sqli.workshop.ddd.connaissance.client.api.ConnaissanceClientDelegateTest" time="0.003">
    <system-out><![CDATA[13:44:22.858 [main] INFO com.sqli.workshop.ddd.connaissance.client.api.ConnaissanceClientDelegate -- Processing PATCH /adresse request for client: 9543c78e-924a-4080-bf76-292f13e72c0f with address: 1 rue Fictive, 99999, Nowhere
13:44:22.859 [main] WARN com.sqli.workshop.ddd.connaissance.client.api.ConnaissanceClientDelegate -- Client not found with id: 9543c78e-924a-4080-bf76-292f13e72c0f for address modification
]]></system-out>
  </testcase>
</testsuite>