<?xml version="1.0" encoding="UTF-8"?>
<testsuite xmlns:xsi="http://www.w3.org/2001/XMLSchema-instance" xsi:noNamespaceSchemaLocation="https://maven.apache.org/surefire/maven-surefire-plugin/xsd/surefire-test-report-3.0.xsd" version="3.0" name="com.sqli.workshop.ddd.connaissance.client.cpostal.CodePostauxServiceImplTest" time="2.228" tests="7" errors="0" skipped="0" failures="0">
  <properties>
[...]
</properties>
  <testcase name="api_throws_exception_validateCodePostal_should_return_false" classname="com.sqli.workshop.ddd.connaissance.client.cpostal.CodePostauxServiceImplTest" time="2.14">
    <system-out><![CDATA[13:44:09.884 [main] WARN com.sqli.workshop.ddd.connaissance.client.cpostal.CodePostauxServiceImpl -- HTTP error calling code postal API: 400 BAD_REQUEST
]]></system-out>
    <system-err><![CDATA[Mockito is currently self-attaching to enable the inline-mock-maker. This will no longer work in future releases of the JDK. Please add Mockito as an agent to your build as described in Mockito's documentation: https://javadoc.io/doc/org.mockito/mockito-core/latest/org.mockito/org/mockito/Mockito.html#0.3
WARNING: A Java agent has been loaded dynamically (/home/pbousquet/.m2/repository/net/bytebuddy/byte-buddy-agent/1.17.8/byte-buddy-agent-1.17.8.jar)
WARNING: If a serviceability tool is in use, please run with -XX:+EnableDynamicAgentLoading to hide this warning
WARNING: If a serviceability tool is not in use, please run with -Djdk.instrument.traceUsage for more information
WARNING: Dynamic loading of agents will be disallowed by default in a future release
]]></system-err>
  </testcase>
  <testcase name="code_postal_and_ville_valid_and_api_returns_empty_validateCodePostal_should_return_false" classname="com.sqli.workshop.ddd.connaissance.client.cpostal.CodePostauxServiceImplTest" time="0.021"/>
  <testcase name="code_postal_valid_and_ville_invalid_and_api_returns_one_validateCodePostal_should_return_false" classname="com.sqli.workshop.ddd.connaissance.client.cpostal.CodePostauxServiceImplTest" time="0.005"/>
  <testcase name="code_postal_and_ville_valid_and_api_returns_list_validateCodePostal_should_return_true" classname="com.sqli.workshop.ddd.connaissance.client.cpostal.CodePostauxServiceImplTest" time="0.006"/>
  <testcase name="api_returns_400_validateCodePostal_should_return_false" classname="com.sqli.workshop.ddd.connaissance.client.cpostal.CodePostauxServiceImplTest" time="0.005"/>
  <testcase name="api_returns_500_validateCodePostal_should_return_false" classname="com.sqli.workshop.ddd.connaissance.client.cpostal.CodePostauxServiceImplTest" time="0.005"/>
  <testcase name="code_postal_and_ville_valid_and_api_returns_one_validateCodePostal_should_return_true" classname="com.sqli.workshop.ddd.connaissance.client.cpostal.CodePostauxServiceImplTest" time="0.004"/>
</testsuite>