<?xml version="1.0" encoding="UTF-8"?>
<testsuite xmlns:xsi="http://www.w3.org/2001/XMLSchema-instance" xsi:noNamespaceSchemaLocation="https://maven.apache.org/surefire/maven-surefire-plugin/xsd/surefire-test-report-3.0.xsd" version="3.0" name="com.sqli.workshop.ddd.connaissance.client.event.adapter.InMemoryAdresseEventServiceTest" time="0.209" tests="8" errors="0" skipped="0" failures="0">
  <properties>
[...]
</properties>
  <testcase name="testSendEventWithOptionalLigne2" classname="com.sqli.workshop.ddd.connaissance.client.event.adapter.InMemoryAdresseEventServiceTest" time="0.142">
    <system-out><![CDATA[13:44:14.617 [main] INFO com.sqli.workshop.ddd.connaissance.client.event.adapter.InMemoryAdresseEventServiceImpl -- Event recorded in-memory for client eb291bea-2c6e-40c3-9497-c98eb662591f: 1 total events
]]></system-out>
  </testcase>
  <testcase name="testThreadSafetyConcurrentSends" classname="com.sqli.workshop.ddd.connaissance.client.event.adapter.InMemoryAdresseEventServiceTest" time="0.015">
    <system-out><![CDATA[13:44:14.641 [pool-2-thread-5] INFO com.sqli.workshop.ddd.connaissance.client.event.adapter.InMemoryAdresseEventServiceImpl -- Event recorded in-memory for client 8750e535-904e-4aaf-9438-de5d7d95b1e0: 2 total events
13:44:14.641 [pool-2-thread-8] INFO com.sqli.workshop.ddd.connaissance.client.event.adapter.InMemoryAdresseEventServiceImpl -- Event recorded in-memory for client b7cb7ff2-e809-4f2a-ad53-7cfbee314d10: 1 total events
13:44:14.641 [pool-2-thread-7] INFO com.sqli.workshop.ddd.connaissance.client.event.adapter.InMemoryAdresseEventServiceImpl -- Event recorded in-memory for client 6f5a40ac-7c4a-4755-bd85-f8ba0f8097e5: 3 total events
13:44:14.641 [pool-2-thread-6] INFO com.sqli.workshop.ddd.connaissance.client.event.adapter.InMemoryAdresseEventServiceImpl -- Event recorded in-memory for client ba236f64-3e97-4801-b783-80281bbaf72d: 4 total events
13:44:14.641 [pool-2-thread-1] INFO com.sqli.workshop.ddd.connaissance.client.event.adapter.InMemoryAdresseEventServiceImpl -- Event recorded in-memory for client 56e6c934-fb6a-4547-9e1e-ce7fa6bcec37: 6 total events
13:44:14.641 [pool-2-thread-3] INFO com.sqli.workshop.ddd.connaissance.client.event.adapter.InMemoryAdresseEventServiceImpl -- Event recorded in-memory for client 1a584eb4-ba96-4b75-82ab-97fc249c6213: 5 total events
13:44:14.641 [pool-2-thread-4] INFO com.sqli.workshop.ddd.connaissance.client.event.adapter.InMemoryAdresseEventServiceImpl -- Event recorded in-memory for client 439aba43-5944-4015-af86-56f166ba7041: 7 total events
13:44:14.641 [pool-2-thread-2] INFO com.sqli.workshop.ddd.connaissance.client.event.adapter.InMemoryAdresseEventServiceImpl -- Event recorded in-memory for client 4c2b898b-d982-4017-bbe7-1e7056df9fe5: 8 total events
13:44:14.641 [pool-2-thread-10] INFO com.sqli.workshop.ddd.connaissance.client.event.adapter.InMemoryAdresseEventServiceImpl -- Event recorded in-memory for client d2942289-72ba-4e90-b466-67d101429e63: 9 total events
13:44:14.641 [pool-2-thread-9] INFO com.sqli.workshop.ddd.connaissance.client.event.adapter.InMemoryAdresseEventServiceImpl -- Event recorded in-memory for client 56ede0c4-7f82-429e-b766-e98e0a06a9b8: 10 total events
13:44:14.641 [pool-2-thread-11] INFO com.sqli.workshop.ddd.connaissance.client.event.adapter.InMemoryAdresseEventServiceImpl -- Event recorded in-memory for client 58bdda91-0bbb-43b1-8972-c915baf2dfdc: 11 total events
13:44:14.642 [pool-2-thread-12] INFO com.sqli.workshop.ddd.connaissance.client.event.adapter.InMemoryAdresseEventServiceImpl -- Event recorded in-memory for client f519d7ad-a933-406a-9c07-20a83189837a: 12 total events
13:44:14.642 [pool-2-thread-13] INFO com.sqli.workshop.ddd.connaissance.client.event.adapter.InMemoryAdresseEventServiceImpl -- Event recorded in-memory for client d63cf052-eba4-4765-87be-d595f26aa9af: 13 total events
13:44:14.643 [pool-2-thread-18] INFO com.sqli.workshop.ddd.connaissance.client.event.adapter.InMemoryAdresseEventServiceImpl -- Event recorded in-memory for client c06741c7-b17b-4250-83be-ce3b9f1b7d29: 18 total events
13:44:14.642 [pool-2-thread-14] INFO com.sqli.workshop.ddd.connaissance.client.event.adapter.InMemoryAdresseEventServiceImpl -- Event recorded in-memory for client 4aa27c8f-83da-4716-a353-27a1ee219321: 14 total events
13:44:14.642 [pool-2-thread-15] INFO com.sqli.workshop.ddd.connaissance.client.event.adapter.InMemoryAdresseEventServiceImpl -- Event recorded in-memory for client ba913f26-fb93-4ba1-ab57-d1b567f23e54: 15 total events
13:44:14.643 [pool-2-thread-17] INFO com.sqli.workshop.ddd.connaissance.client.event.adapter.InMemoryAdresseEventServiceImpl -- Event recorded in-memory for client 80ba83b0-63b8-479d-9a69-53d5393e336a: 17 total events
13:44:14.643 [pool-2-thread-16] INFO com.sqli.workshop.ddd.connaissance.client.event.adapter.InMemoryAdresseEventServiceImpl -- Event recorded in-memory for client d9aecf4b-1f58-4aed-823b-27c09ac7c1a8: 16 total events
13:44:14.643 [pool-2-thread-19] INFO com.sqli.workshop.ddd.connaissance.client.event.adapter.InMemoryAdresseEventServiceImpl -- Event recorded in-memory for client d8fde400-547e-4138-8d8f-da16d926aa69: 19 total events
13:44:14.643 [pool-2-thread-20] INFO com.sqli.workshop.ddd.connaissance.client.event.adapter.InMemoryAdresseEventServiceImpl -- Event recorded in-memory for client 450522ab-5fe3-4487-9443-e4790a5aff04: 20 total events
13:44:14.643 [pool-2-thread-21] INFO com.sqli.workshop.ddd.connaissance.client.event.adapter.InMemoryAdresseEventServiceImpl -- Event recorded in-memory for client 85a4f68a-b3df-45ff-96ce-c6f00c30701b: 21 total events
13:44:14.643 [pool-2-thread-22] INFO com.sqli.workshop.ddd.connaissance.client.event.adapter.InMemoryAdresseEventServiceImpl -- Event recorded in-memory for client 7767dbbe-87cc-47f2-9959-ca9fd4dedcb9: 22 total events
13:44:14.644 [pool-2-thread-23] INFO com.sqli.workshop.ddd.connaissance.client.event.adapter.InMemoryAdresseEventServiceImpl -- Event recorded in-memory for client 9b1c8b67-9ab6-4fbd-afe4-ca07f556ffe5: 23 total events
13:44:14.644 [pool-2-thread-24] INFO com.sqli.workshop.ddd.connaissance.client.event.adapter.InMemoryAdresseEventServiceImpl -- Event recorded in-memory for client cd047e1f-7e71-43e5-b9ae-2473e23476ae: 24 total events
13:44:14.644 [pool-2-thread-25] INFO com.sqli.workshop.ddd.connaissance.client.event.adapter.InMemoryAdresseEventServiceImpl -- Event recorded in-memory for client 7da61bc5-8a7a-4c8d-9a26-4cc07ac89672: 25 total events
13:44:14.644 [pool-2-thread-26] INFO com.sqli.workshop.ddd.connaissance.client.event.adapter.InMemoryAdresseEventServiceImpl -- Event recorded in-memory for client 8c36f30c-03e0-4e21-81a5-7a3dff72d9ff: 26 total events
13:44:14.644 [pool-2-thread-27] INFO com.sqli.workshop.ddd.connaissance.client.event.adapter.InMemoryAdresseEventServiceImpl -- Event recorded in-memory for client 313f06f9-c615-48f1-b909-131fd62b2ea3: 27 total events
13:44:14.645 [pool-2-thread-28] INFO com.sqli.workshop.ddd.connaissance.client.event.adapter.InMemoryAdresseEventServiceImpl -- Event recorded in-memory for client 1a708e68-6aa1-4193-a3c3-714c4a8ff081: 28 total events
13:44:14.645 [pool-2-thread-29] INFO com.sqli.workshop.ddd.connaissance.client.event.adapter.InMemoryAdresseEventServiceImpl -- Event recorded in-memory for client 19b33fa8-5fea-48dc-9706-81c23d993e7a: 29 total events
13:44:14.645 [pool-2-thread-30] INFO com.sqli.workshop.ddd.connaissance.client.event.adapter.InMemoryAdresseEventServiceImpl -- Event recorded in-memory for client 94aa8712-bafc-47fb-8bfa-7035bea5a82f: 30 total events
13:44:14.645 [pool-2-thread-32] INFO com.sqli.workshop.ddd.connaissance.client.event.adapter.InMemoryAdresseEventServiceImpl -- Event recorded in-memory for client f437c6e0-f8c8-4f53-9e7f-be1a6b2f5728: 32 total events
13:44:14.645 [pool-2-thread-31] INFO com.sqli.workshop.ddd.connaissance.client.event.adapter.InMemoryAdresseEventServiceImpl -- Event recorded in-memory for client 2a198ab0-3658-43ce-abf2-254639741b54: 31 total events
13:44:14.645 [pool-2-thread-33] INFO com.sqli.workshop.ddd.connaissance.client.event.adapter.InMemoryAdresseEventServiceImpl -- Event recorded in-memory for client 55ea5f77-09d9-42bd-aa6b-69e1b4cf0ead: 33 total events
13:44:14.646 [pool-2-thread-34] INFO com.sqli.workshop.ddd.connaissance.client.event.adapter.InMemoryAdresseEventServiceImpl -- Event recorded in-memory for client 37ec0275-12a5-45ec-903f-d9e6d5e2ad28: 34 total events
13:44:14.646 [pool-2-thread-35] INFO com.sqli.workshop.ddd.connaissance.client.event.adapter.InMemoryAdresseEventServiceImpl -- Event recorded in-memory for client e0668758-9e5b-4705-993e-e9651d19c407: 35 total events
13:44:14.646 [pool-2-thread-36] INFO com.sqli.workshop.ddd.connaissance.client.event.adapter.InMemoryAdresseEventServiceImpl -- Event recorded in-memory for client 72f742fc-a6d0-48da-b7f5-3a3a00ca87cc: 36 total events
13:44:14.646 [pool-2-thread-37] INFO com.sqli.workshop.ddd.connaissance.client.event.adapter.InMemoryAdresseEventServiceImpl -- Event recorded in-memory for client cc252b26-e31a-47a9-8eaa-f1b06b016f2d: 37 total events
13:44:14.647 [pool-2-thread-38] INFO com.sqli.workshop.ddd.connaissance.client.event.adapter.InMemoryAdresseEventServiceImpl -- Event recorded in-memory for client 4860c77a-7194-4b8e-9d28-9cb000533dd8: 38 total events
13:44:14.647 [pool-2-thread-39] INFO com.sqli.workshop.ddd.connaissance.client.event.adapter.InMemoryAdresseEventServiceImpl -- Event recorded in-memory for client 8de686f0-6f19-4982-babb-8b406a9b558b: 39 total events
13:44:14.647 [pool-2-thread-40] INFO com.sqli.workshop.ddd.connaissance.client.event.adapter.InMemoryAdresseEventServiceImpl -- Event recorded in-memory for client c59c8789-6c90-4d66-a6fd-a88acfc17b59: 40 total events
13:44:14.647 [pool-2-thread-41] INFO com.sqli.workshop.ddd.connaissance.client.event.adapter.InMemoryAdresseEventServiceImpl -- Event recorded in-memory for client 69c3ef6a-a8e0-402c-8ee7-4b61225acb2d: 41 total events
13:44:14.647 [pool-2-thread-42] INFO com.sqli.workshop.ddd.connaissance.client.event.adapter.InMemoryAdresseEventServiceImpl -- Event recorded in-memory for client f24896ca-cae7-4411-b12f-4e865f87b654: 42 total events
13:44:14.647 [pool-2-thread-43] INFO com.sqli.workshop.ddd.connaissance.client.event.adapter.InMemoryAdresseEventServiceImpl -- Event recorded in-memory for client 1ce70dd8-714d-41d3-b9c1-cf9dd1dee148: 43 total events
13:44:14.647 [pool-2-thread-44] INFO com.sqli.workshop.ddd.connaissance.client.event.adapter.InMemoryAdresseEventServiceImpl -- Event recorded in-memory for client 18b3e545-3772-4234-8bd1-cdf70c5e57d3: 44 total events
13:44:14.648 [pool-2-thread-45] INFO com.sqli.workshop.ddd.connaissance.client.event.adapter.InMemoryAdresseEventServiceImpl -- Event recorded in-memory for client 518d58db-c7e5-4102-bcfe-1d15e4c76033: 45 total events
13:44:14.648 [pool-2-thread-46] INFO com.sqli.workshop.ddd.connaissance.client.event.adapter.InMemoryAdresseEventServiceImpl -- Event recorded in-memory for client b89cd66f-0793-483e-9668-0c48fc47b742: 46 total events
13:44:14.648 [pool-2-thread-47] INFO com.sqli.workshop.ddd.connaissance.client.event.adapter.InMemoryAdresseEventServiceImpl -- Event recorded in-memory for client a360e024-3e27-4f56-a3a5-22255d11cc96: 47 total events
13:44:14.648 [pool-2-thread-48] INFO com.sqli.workshop.ddd.connaissance.client.event.adapter.InMemoryAdresseEventServiceImpl -- Event recorded in-memory for client 610bef77-e5d0-4dd1-9475-3b20dda3b88a: 48 total events
13:44:14.648 [pool-2-thread-49] INFO com.sqli.workshop.ddd.connaissance.client.event.adapter.InMemoryAdresseEventServiceImpl -- Event recorded in-memory for client 894200d8-f76d-46e8-a1e3-6b741bd00bba: 49 total events
13:44:14.649 [pool-2-thread-50] INFO com.sqli.workshop.ddd.connaissance.client.event.adapter.InMemoryAdresseEventServiceImpl -- Event recorded in-memory for client 4ac98f1b-2c02-4197-99fe-95dcd2791b18: 50 total events
]]></system-out>
  </testcase>
  <testcase name="testIdempotence" classname="com.sqli.workshop.ddd.connaissance.client.event.adapter.InMemoryAdresseEventServiceTest" time="0.003">
    <system-out><![CDATA[13:44:14.654 [main] INFO com.sqli.workshop.ddd.connaissance.client.event.adapter.InMemoryAdresseEventServiceImpl -- Event recorded in-memory for client e9520b66-092c-4a93-aab7-4c635e3dca81: 1 total events
13:44:14.654 [main] INFO com.sqli.workshop.ddd.connaissance.client.event.adapter.InMemoryAdresseEventServiceImpl -- Event recorded in-memory for client e9520b66-092c-4a93-aab7-4c635e3dca81: 2 total events
]]></system-out>
  </testcase>
  <testcase name="testSendEventIsAppended" classname="com.sqli.workshop.ddd.connaissance.client.event.adapter.InMemoryAdresseEventServiceTest" time="0.002">
    <system-out><![CDATA[13:44:14.658 [main] INFO com.sqli.workshop.ddd.connaissance.client.event.adapter.InMemoryAdresseEventServiceImpl -- Event recorded in-memory for client a0038aa3-0a4c-4f54-9a5b-2a7adce47e3b: 1 total events
]]></system-out>
  </testcase>
  <testcase name="testSendEventReturnsTrue" classname="com.sqli.workshop.ddd.connaissance.client.event.adapter.InMemoryAdresseEventServiceTest" time="0.002">
    <system-out><![CDATA[13:44:14.661 [main] INFO com.sqli.workshop.ddd.connaissance.client.event.adapter.InMemoryAdresseEventServiceImpl -- Event recorded in-memory for client 5631ef71-04bc-437c-9edb-c33b8f53dfe6: 1 total events
]]></system-out>
  </testcase>
  <testcase name="testMultipleEventsOrdered" classname="com.sqli.workshop.ddd.connaissance.client.event.adapter.InMemoryAdresseEventServiceTest" time="0.004">
    <system-out><![CDATA[13:44:14.665 [main] INFO com.sqli.workshop.ddd.connaissance.client.event.adapter.InMemoryAdresseEventServiceImpl -- Event recorded in-memory for client f144c8be-f327-40a3-bbf0-2e9d15d671c9: 1 total events
13:44:14.665 [main] INFO com.sqli.workshop.ddd.connaissance.client.event.adapter.InMemoryAdresseEventServiceImpl -- Event recorded in-memory for client 15cff538-b462-4a7e-b9e3-9ef1d59c9bdb: 2 total events
13:44:14.666 [main] INFO com.sqli.workshop.ddd.connaissance.client.event.adapter.InMemoryAdresseEventServiceImpl -- Event recorded in-memory for client 4a345d98-1ef1-444c-8a50-9415bf75054f: 3 total events
13:44:14.666 [main] INFO com.sqli.workshop.ddd.connaissance.client.event.adapter.InMemoryAdresseEventServiceImpl -- Event recorded in-memory for client 8dbdb9a6-273d-4638-b7a5-71917c3d7825: 4 total events
13:44:14.666 [main] INFO com.sqli.workshop.ddd.connaissance.client.event.adapter.InMemoryAdresseEventServiceImpl -- Event recorded in-memory for client b2a145b2-05e0-4ca0-af7b-351d29c62cbf: 5 total events
]]></system-out>
  </testcase>
  <testcase name="testClearEvents" classname="com.sqli.workshop.ddd.connaissance.client.event.adapter.InMemoryAdresseEventServiceTest" time="0.003">
    <system-out><![CDATA[13:44:14.670 [main] INFO com.sqli.workshop.ddd.connaissance.client.event.adapter.InMemoryAdresseEventServiceImpl -- Event recorded in-memory for client 0dcdedfd-8bf4-4367-a9a6-29748c90ff2f: 1 total events
13:44:14.670 [main] INFO com.sqli.workshop.ddd.connaissance.client.event.adapter.InMemoryAdresseEventServiceImpl -- Event recorded in-memory for client d4feebaa-f731-498b-ab1a-1a9a9dacd571: 2 total events
13:44:14.670 [main] INFO com.sqli.workshop.ddd.connaissance.client.event.adapter.InMemoryAdresseEventServiceImpl -- Event recorded in-memory for client a93f80b3-c36b-4272-af22-2831f498af14: 3 total events
]]></system-out>
  </testcase>
  <testcase name="testEventPayloadAccurate" classname="com.sqli.workshop.ddd.connaissance.client.event.adapter.InMemoryAdresseEventServiceTest" time="0.004">
    <system-out><![CDATA[13:44:14.674 [main] INFO com.sqli.workshop.ddd.connaissance.client.event.adapter.InMemoryAdresseEventServiceImpl -- Event recorded in-memory for client 0a3d8188-ad62-4859-ac32-4914c839a13b: 1 total events
]]></system-out>
  </testcase>
</testsuite>